<?xml version="1.0" encoding="UTF-8"?>
<!-- Generated by org.testng.reporters.JUnitXMLReporter -->
<testsuite ignored="4" hostname="LAPTOP-63MOL0LE" failures="0" tests="3" name="Test" time="0.06" errors="0" timestamp="2023-04-02T16:26:37 IST">
  <testcase classname="TestNG.TestNG_Group" name="TC2" time="0.01"/>
  <testcase classname="TestNG.TestNG_Group" name="TC4" time="0.001"/>
  <testcase classname="TestNG.TestNG_Group" name="TC7" time="0.0"/>
  <testcase classname="TestNG.TestNG_Group" name="TC1" time="0.0">
    <ignored/>
  </testcase> <!-- TC1 -->
  <testcase classname="TestNG.TestNG_Group" name="TC6" time="0.0">
    <ignored/>
  </testcase> <!-- TC6 -->
  <testcase classname="TestNG.TestNG_Group" name="TC3" time="0.0">
    <ignored/>
  </testcase> <!-- TC3 -->
  <testcase classname="TestNG.TestNG_Group" name="TC5" time="0.0">
    <ignored/>
  </testcase> <!-- TC5 -->
</testsuite> <!-- Test -->
