<?xml version="1.0" encoding="UTF-8"?>
<!-- Generated by org.testng.reporters.JUnitXMLReporter -->
<testsuite ignored="0" hostname="LAPTOP-63MOL0LE" failures="1" tests="10" name="Test" time="0.11" errors="0" timestamp="2023-04-02T19:23:07 IST">
  <testcase classname="TestNG.sample1" name="TC1" time="0.019"/>
  <testcase classname="TestNG.sample1" name="TC2" time="0.002"/>
  <testcase classname="TestNG.sample1" name="TC3" time="0.002"/>
  <testcase classname="TestNG.sample2" name="TC4" time="0.001"/>
  <testcase classname="TestNG.sample2" name="TC5" time="0.002"/>
  <testcase classname="TestNG.sample2" name="TC6" time="0.004">
    <failure type="java.lang.AssertionError" message="null">
      <![CDATA[java.lang.AssertionError: null
at TestNG.sample2.TC6(sample2.java:19)
at java.base/java.util.ArrayList.forEach(ArrayList.java:1511)
... Removed 29 stack frames]]>
    </failure>
  </testcase> <!-- TC6 -->
  <testcase classname="TestNG.sample2" name="TC7" time="0.001"/>
  <testcase classname="TestNG.sample3" name="TC10" time="0.002"/>
  <testcase classname="TestNG.sample3" name="TC8" time="0.001"/>
  <testcase classname="TestNG.sample3" name="TC9" time="0.002"/>
</testsuite> <!-- Test -->
