<?xml version="1.0" encoding="UTF-8"?>
<!-- Generated by org.testng.reporters.JUnitXMLReporter -->
<testsuite ignored="3" hostname="LAPTOP-63MOL0LE" failures="1" tests="1" name="Test(failed)" time="0.085" errors="0" timestamp="2023-04-02T19:25:07 IST">
  <testcase classname="TestNG.sample2" name="TC6" time="0.014">
    <failure type="java.lang.AssertionError" message="null">
      <![CDATA[java.lang.AssertionError: null
at TestNG.sample2.TC6(sample2.java:19)
at java.base/java.util.ArrayList.forEach(ArrayList.java:1511)
... Removed 29 stack frames]]>
    </failure>
  </testcase> <!-- TC6 -->
  <testcase classname="TestNG.sample2" name="TC4" time="0.0">
    <ignored/>
  </testcase> <!-- TC4 -->
  <testcase classname="TestNG.sample2" name="TC7" time="0.0">
    <ignored/>
  </testcase> <!-- TC7 -->
  <testcase classname="TestNG.sample2" name="TC5" time="0.0">
    <ignored/>
  </testcase> <!-- TC5 -->
</testsuite> <!-- Test(failed) -->
